Mon 10 13:27:04 [ERROR] Phalcon\Di\Exception: Service 'db' wasn't found in the dependency injection container
File=/Users/jeffrey.pogoy/Sites/cssapi/app/models/Mov.php
Line=89
#0 [internal function]: Phalcon\Di->get('db', NULL)
#1 [internal function]: Phalcon\Di->getShared('db')
#2 [internal function]: Phalcon\Mvc\Model\Manager->_getConnection(Object(Models\Mov), NULL)
#3 [internal function]: Phalcon\Mvc\Model\Manager->getReadConnection(Object(Models\Mov))
#4 [internal function]: Phalcon\Mvc\Model->getReadConnection()
#5 [internal function]: Phalcon\Mvc\Model\MetaData\Strategy\Introspection->getMetaData(Object(Models\Mov), Object(Phalcon\Di\FactoryDefault))
#6 [internal function]: Phalcon\Mvc\Model\MetaData->_initialize(Object(Models\Mov), 'models\\mov-cssm...', 'mov', 'css')
#7 [internal function]: Phalcon\Mvc\Model\MetaData->readMetaData(Object(Models\Mov))
#8 [internal function]: Phalcon\Mvc\Model\MetaData->hasAttribute(Object(Models\Mov), 'id')
#9 [internal function]: Phalcon\Mvc\Model\Query->_getQualified(Array)
#10 [internal function]: Phalcon\Mvc\Model\Query->_getExpression(Array, true)
#11 [internal function]: Phalcon\Mvc\Model\Query->_getExpression(Array)
#12 [internal function]: Phalcon\Mvc\Model\Query->_prepareSelect()
#13 [internal function]: Phalcon\Mvc\Model\Query->parse()
#14 [internal function]: Phalcon\Mvc\Model\Query->execute()
#15 /Users/jeffrey.pogoy/Sites/cssapi/app/models/Mov.php(89): Phalcon\Mvc\Model::findFirst(Array)
#16 /Users/jeffrey.pogoy/Sites/cssapi/app/controllers/MovController.php(60): Models\Mov::findFirst(Array)
#17 [internal function]: MovController->get('1')
#18 [internal function]: Phalcon\Mvc\Micro\LazyLoader->__call('get', Array)
#19 [internal function]: Phalcon\Mvc\Micro\LazyLoader->callMethod('get', Array, NULL)
#20 /Users/jeffrey.pogoy/Sites/cssapi/public/index.php(55): Phalcon\Mvc\Micro->handle()
#21 {main}

Mon 10 13:31:46 [ERROR] Phalcon\Di\Exception: Service 'db' wasn't found in the dependency injection container
File=/Users/jeffrey.pogoy/Sites/cssapi/app/models/Mov.php
Line=89
#0 [internal function]: Phalcon\Di->get('db', NULL)
#1 [internal function]: Phalcon\Di->getShared('db')
#2 [internal function]: Phalcon\Mvc\Model\Manager->_getConnection(Object(Models\Mov), NULL)
#3 [internal function]: Phalcon\Mvc\Model\Manager->getReadConnection(Object(Models\Mov))
#4 [internal function]: Phalcon\Mvc\Model->getReadConnection()
#5 [internal function]: Phalcon\Mvc\Model\MetaData\Strategy\Introspection->getMetaData(Object(Models\Mov), Object(Phalcon\Di\FactoryDefault))
#6 [internal function]: Phalcon\Mvc\Model\MetaData->_initialize(Object(Models\Mov), 'models\\mov-cssm...', 'mov', 'css')
#7 [internal function]: Phalcon\Mvc\Model\MetaData->readMetaData(Object(Models\Mov))
#8 [internal function]: Phalcon\Mvc\Model\MetaData->hasAttribute(Object(Models\Mov), 'id')
#9 [internal function]: Phalcon\Mvc\Model\Query->_getQualified(Array)
#10 [internal function]: Phalcon\Mvc\Model\Query->_getExpression(Array, true)
#11 [internal function]: Phalcon\Mvc\Model\Query->_getExpression(Array)
#12 [internal function]: Phalcon\Mvc\Model\Query->_prepareSelect()
#13 [internal function]: Phalcon\Mvc\Model\Query->parse()
#14 [internal function]: Phalcon\Mvc\Model\Query->execute()
#15 /Users/jeffrey.pogoy/Sites/cssapi/app/models/Mov.php(89): Phalcon\Mvc\Model::findFirst(Array)
#16 /Users/jeffrey.pogoy/Sites/cssapi/app/controllers/MovController.php(60): Models\Mov::findFirst(Array)
#17 [internal function]: MovController->get('1')
#18 [internal function]: Phalcon\Mvc\Micro\LazyLoader->__call('get', Array)
#19 [internal function]: Phalcon\Mvc\Micro\LazyLoader->callMethod('get', Array, NULL)
#20 /Users/jeffrey.pogoy/Sites/cssapi/public/index.php(55): Phalcon\Mvc\Micro->handle()
#21 {main}

Mon 10 13:32:01 [ERROR] Phalcon\Di\Exception: Service 'db' wasn't found in the dependency injection container
File=/Users/jeffrey.pogoy/Sites/cssapi/app/models/Mov.php
Line=89
#0 [internal function]: Phalcon\Di->get('db', NULL)
#1 [internal function]: Phalcon\Di->getShared('db')
#2 [internal function]: Phalcon\Mvc\Model\Manager->_getConnection(Object(Models\Mov), NULL)
#3 [internal function]: Phalcon\Mvc\Model\Manager->getReadConnection(Object(Models\Mov))
#4 [internal function]: Phalcon\Mvc\Model->getReadConnection()
#5 [internal function]: Phalcon\Mvc\Model\MetaData\Strategy\Introspection->getMetaData(Object(Models\Mov), Object(Phalcon\Di\FactoryDefault))
#6 [internal function]: Phalcon\Mvc\Model\MetaData->_initialize(Object(Models\Mov), 'models\\mov-cssm...', 'mov', 'css')
#7 [internal function]: Phalcon\Mvc\Model\MetaData->readMetaData(Object(Models\Mov))
#8 [internal function]: Phalcon\Mvc\Model\MetaData->hasAttribute(Object(Models\Mov), 'id')
#9 [internal function]: Phalcon\Mvc\Model\Query->_getQualified(Array)
#10 [internal function]: Phalcon\Mvc\Model\Query->_getExpression(Array, true)
#11 [internal function]: Phalcon\Mvc\Model\Query->_getExpression(Array)
#12 [internal function]: Phalcon\Mvc\Model\Query->_prepareSelect()
#13 [internal function]: Phalcon\Mvc\Model\Query->parse()
#14 [internal function]: Phalcon\Mvc\Model\Query->execute()
#15 /Users/jeffrey.pogoy/Sites/cssapi/app/models/Mov.php(89): Phalcon\Mvc\Model::findFirst(Array)
#16 /Users/jeffrey.pogoy/Sites/cssapi/app/controllers/MovController.php(60): Models\Mov::findFirst(Array)
#17 [internal function]: MovController->get('1')
#18 [internal function]: Phalcon\Mvc\Micro\LazyLoader->__call('get', Array)
#19 [internal function]: Phalcon\Mvc\Micro\LazyLoader->callMethod('get', Array, NULL)
#20 /Users/jeffrey.pogoy/Sites/cssapi/public/index.php(55): Phalcon\Mvc\Micro->handle()
#21 {main}

Mon 10 13:32:06 [ERROR] Phalcon\Di\Exception: Service 'db' wasn't found in the dependency injection container
File=/Users/jeffrey.pogoy/Sites/cssapi/app/models/Mov.php
Line=89
#0 [internal function]: Phalcon\Di->get('db', NULL)
#1 [internal function]: Phalcon\Di->getShared('db')
#2 [internal function]: Phalcon\Mvc\Model\Manager->_getConnection(Object(Models\Mov), NULL)
#3 [internal function]: Phalcon\Mvc\Model\Manager->getReadConnection(Object(Models\Mov))
#4 [internal function]: Phalcon\Mvc\Model->getReadConnection()
#5 [internal function]: Phalcon\Mvc\Model\MetaData\Strategy\Introspection->getMetaData(Object(Models\Mov), Object(Phalcon\Di\FactoryDefault))
#6 [internal function]: Phalcon\Mvc\Model\MetaData->_initialize(Object(Models\Mov), 'models\\mov-cssm...', 'mov', 'css')
#7 [internal function]: Phalcon\Mvc\Model\MetaData->readMetaData(Object(Models\Mov))
#8 [internal function]: Phalcon\Mvc\Model\MetaData->hasAttribute(Object(Models\Mov), 'id')
#9 [internal function]: Phalcon\Mvc\Model\Query->_getQualified(Array)
#10 [internal function]: Phalcon\Mvc\Model\Query->_getExpression(Array, true)
#11 [internal function]: Phalcon\Mvc\Model\Query->_getExpression(Array)
#12 [internal function]: Phalcon\Mvc\Model\Query->_prepareSelect()
#13 [internal function]: Phalcon\Mvc\Model\Query->parse()
#14 [internal function]: Phalcon\Mvc\Model\Query->execute()
#15 /Users/jeffrey.pogoy/Sites/cssapi/app/models/Mov.php(89): Phalcon\Mvc\Model::findFirst(Array)
#16 /Users/jeffrey.pogoy/Sites/cssapi/app/controllers/MovController.php(60): Models\Mov::findFirst(Array)
#17 [internal function]: MovController->get('1')
#18 [internal function]: Phalcon\Mvc\Micro\LazyLoader->__call('get', Array)
#19 [internal function]: Phalcon\Mvc\Micro\LazyLoader->callMethod('get', Array, NULL)
#20 /Users/jeffrey.pogoy/Sites/cssapi/public/index.php(55): Phalcon\Mvc\Micro->handle()
#21 {main}

Mon 10 13:32:15 [ERROR] Phalcon\Di\Exception: Service 'db' wasn't found in the dependency injection container
File=/Users/jeffrey.pogoy/Sites/cssapi/app/models/Mov.php
Line=89
#0 [internal function]: Phalcon\Di->get('db', NULL)
#1 [internal function]: Phalcon\Di->getShared('db')
#2 [internal function]: Phalcon\Mvc\Model\Manager->_getConnection(Object(Models\Mov), NULL)
#3 [internal function]: Phalcon\Mvc\Model\Manager->getReadConnection(Object(Models\Mov))
#4 [internal function]: Phalcon\Mvc\Model->getReadConnection()
#5 [internal function]: Phalcon\Mvc\Model\MetaData\Strategy\Introspection->getMetaData(Object(Models\Mov), Object(Phalcon\Di\FactoryDefault))
#6 [internal function]: Phalcon\Mvc\Model\MetaData->_initialize(Object(Models\Mov), 'models\\mov-cssm...', 'mov', 'css')
#7 [internal function]: Phalcon\Mvc\Model\MetaData->readMetaData(Object(Models\Mov))
#8 [internal function]: Phalcon\Mvc\Model\MetaData->hasAttribute(Object(Models\Mov), 'id')
#9 [internal function]: Phalcon\Mvc\Model\Query->_getQualified(Array)
#10 [internal function]: Phalcon\Mvc\Model\Query->_getExpression(Array, true)
#11 [internal function]: Phalcon\Mvc\Model\Query->_getExpression(Array)
#12 [internal function]: Phalcon\Mvc\Model\Query->_prepareSelect()
#13 [internal function]: Phalcon\Mvc\Model\Query->parse()
#14 [internal function]: Phalcon\Mvc\Model\Query->execute()
#15 /Users/jeffrey.pogoy/Sites/cssapi/app/models/Mov.php(89): Phalcon\Mvc\Model::findFirst(Array)
#16 /Users/jeffrey.pogoy/Sites/cssapi/app/controllers/MovController.php(60): Models\Mov::findFirst(Array)
#17 [internal function]: MovController->get('1')
#18 [internal function]: Phalcon\Mvc\Micro\LazyLoader->__call('get', Array)
#19 [internal function]: Phalcon\Mvc\Micro\LazyLoader->callMethod('get', Array, NULL)
#20 /Users/jeffrey.pogoy/Sites/cssapi/public/index.php(55): Phalcon\Mvc\Micro->handle()
#21 {main}

Mon 10 13:34:21 [ERROR] Phalcon\Di\Exception: Service 'db' wasn't found in the dependency injection container
File=/Users/jeffrey.pogoy/Sites/cssapi/app/models/Mov.php
Line=89
#0 [internal function]: Phalcon\Di->get('db', NULL)
#1 [internal function]: Phalcon\Di->getShared('db')
#2 [internal function]: Phalcon\Mvc\Model\Manager->_getConnection(Object(Models\Mov), NULL)
#3 [internal function]: Phalcon\Mvc\Model\Manager->getReadConnection(Object(Models\Mov))
#4 [internal function]: Phalcon\Mvc\Model->getReadConnection()
#5 [internal function]: Phalcon\Mvc\Model\MetaData\Strategy\Introspection->getMetaData(Object(Models\Mov), Object(Phalcon\Di\FactoryDefault))
#6 [internal function]: Phalcon\Mvc\Model\MetaData->_initialize(Object(Models\Mov), 'models\\mov-cssm...', 'mov', 'css')
#7 [internal function]: Phalcon\Mvc\Model\MetaData->readMetaData(Object(Models\Mov))
#8 [internal function]: Phalcon\Mvc\Model\MetaData->hasAttribute(Object(Models\Mov), 'id')
#9 [internal function]: Phalcon\Mvc\Model\Query->_getQualified(Array)
#10 [internal function]: Phalcon\Mvc\Model\Query->_getExpression(Array, true)
#11 [internal function]: Phalcon\Mvc\Model\Query->_getExpression(Array)
#12 [internal function]: Phalcon\Mvc\Model\Query->_prepareSelect()
#13 [internal function]: Phalcon\Mvc\Model\Query->parse()
#14 [internal function]: Phalcon\Mvc\Model\Query->execute()
#15 /Users/jeffrey.pogoy/Sites/cssapi/app/models/Mov.php(89): Phalcon\Mvc\Model::findFirst(Array)
#16 /Users/jeffrey.pogoy/Sites/cssapi/app/controllers/MovController.php(60): Models\Mov::findFirst(Array)
#17 [internal function]: MovController->get('1')
#18 [internal function]: Phalcon\Mvc\Micro\LazyLoader->__call('get', Array)
#19 [internal function]: Phalcon\Mvc\Micro\LazyLoader->callMethod('get', Array, NULL)
#20 /Users/jeffrey.pogoy/Sites/cssapi/public/index.php(55): Phalcon\Mvc\Micro->handle()
#21 {main}

Mon 10 13:36:13 [ERROR] Phalcon\Di\Exception: Service 'db' wasn't found in the dependency injection container
File=/Users/jeffrey.pogoy/Sites/cssapi/app/models/Mov.php
Line=89
#0 [internal function]: Phalcon\Di->get('db', NULL)
#1 [internal function]: Phalcon\Di->getShared('db')
#2 [internal function]: Phalcon\Mvc\Model\Manager->_getConnection(Object(Models\Mov), NULL)
#3 [internal function]: Phalcon\Mvc\Model\Manager->getReadConnection(Object(Models\Mov))
#4 [internal function]: Phalcon\Mvc\Model->getReadConnection()
#5 [internal function]: Phalcon\Mvc\Model\MetaData\Strategy\Introspection->getMetaData(Object(Models\Mov), Object(Phalcon\Di\FactoryDefault))
#6 [internal function]: Phalcon\Mvc\Model\MetaData->_initialize(Object(Models\Mov), 'models\\mov-cssm...', 'mov', 'css')
#7 [internal function]: Phalcon\Mvc\Model\MetaData->readMetaData(Object(Models\Mov))
#8 [internal function]: Phalcon\Mvc\Model\MetaData->hasAttribute(Object(Models\Mov), 'id')
#9 [internal function]: Phalcon\Mvc\Model\Query->_getQualified(Array)
#10 [internal function]: Phalcon\Mvc\Model\Query->_getExpression(Array, true)
#11 [internal function]: Phalcon\Mvc\Model\Query->_getExpression(Array)
#12 [internal function]: Phalcon\Mvc\Model\Query->_prepareSelect()
#13 [internal function]: Phalcon\Mvc\Model\Query->parse()
#14 [internal function]: Phalcon\Mvc\Model\Query->execute()
#15 /Users/jeffrey.pogoy/Sites/cssapi/app/models/Mov.php(89): Phalcon\Mvc\Model::findFirst(Array)
#16 /Users/jeffrey.pogoy/Sites/cssapi/app/controllers/MovController.php(60): Models\Mov::findFirst(Array)
#17 [internal function]: MovController->get('1')
#18 [internal function]: Phalcon\Mvc\Micro\LazyLoader->__call('get', Array)
#19 [internal function]: Phalcon\Mvc\Micro\LazyLoader->callMethod('get', Array, NULL)
#20 /Users/jeffrey.pogoy/Sites/cssapi/public/index.php(55): Phalcon\Mvc\Micro->handle()
#21 {main}

Mon 10 13:37:01 [ERROR] Phalcon\Di\Exception: Service 'db' wasn't found in the dependency injection container
File=/Users/jeffrey.pogoy/Sites/cssapi/app/models/Mov.php
Line=89
#0 [internal function]: Phalcon\Di->get('db', NULL)
#1 [internal function]: Phalcon\Di->getShared('db')
#2 [internal function]: Phalcon\Mvc\Model\Manager->_getConnection(Object(Models\Mov), NULL)
#3 [internal function]: Phalcon\Mvc\Model\Manager->getReadConnection(Object(Models\Mov))
#4 [internal function]: Phalcon\Mvc\Model->getReadConnection()
#5 [internal function]: Phalcon\Mvc\Model\MetaData\Strategy\Introspection->getMetaData(Object(Models\Mov), Object(Phalcon\Di\FactoryDefault))
#6 [internal function]: Phalcon\Mvc\Model\MetaData->_initialize(Object(Models\Mov), 'models\\mov-cssm...', 'mov', 'css')
#7 [internal function]: Phalcon\Mvc\Model\MetaData->readMetaData(Object(Models\Mov))
#8 [internal function]: Phalcon\Mvc\Model\MetaData->hasAttribute(Object(Models\Mov), 'id')
#9 [internal function]: Phalcon\Mvc\Model\Query->_getQualified(Array)
#10 [internal function]: Phalcon\Mvc\Model\Query->_getExpression(Array, true)
#11 [internal function]: Phalcon\Mvc\Model\Query->_getExpression(Array)
#12 [internal function]: Phalcon\Mvc\Model\Query->_prepareSelect()
#13 [internal function]: Phalcon\Mvc\Model\Query->parse()
#14 [internal function]: Phalcon\Mvc\Model\Query->execute()
#15 /Users/jeffrey.pogoy/Sites/cssapi/app/models/Mov.php(89): Phalcon\Mvc\Model::findFirst(Array)
#16 /Users/jeffrey.pogoy/Sites/cssapi/app/controllers/MovController.php(60): Models\Mov::findFirst(Array)
#17 [internal function]: MovController->get('1')
#18 [internal function]: Phalcon\Mvc\Micro\LazyLoader->__call('get', Array)
#19 [internal function]: Phalcon\Mvc\Micro\LazyLoader->callMethod('get', Array, NULL)
#20 /Users/jeffrey.pogoy/Sites/cssapi/public/index.php(55): Phalcon\Mvc\Micro->handle()
#21 {main}

Mon 10 13:39:05 [ERROR] Phalcon\Di\Exception: Service 'db' wasn't found in the dependency injection container
File=/Users/jeffrey.pogoy/Sites/cssapi/app/models/Mov.php
Line=89
#0 [internal function]: Phalcon\Di->get('db', NULL)
#1 [internal function]: Phalcon\Di->getShared('db')
#2 [internal function]: Phalcon\Mvc\Model\Manager->_getConnection(Object(Models\Mov), NULL)
#3 [internal function]: Phalcon\Mvc\Model\Manager->getReadConnection(Object(Models\Mov))
#4 [internal function]: Phalcon\Mvc\Model->getReadConnection()
#5 [internal function]: Phalcon\Mvc\Model\MetaData\Strategy\Introspection->getMetaData(Object(Models\Mov), Object(Phalcon\Di\FactoryDefault))
#6 [internal function]: Phalcon\Mvc\Model\MetaData->_initialize(Object(Models\Mov), 'models\\mov-cssm...', 'mov', 'css')
#7 [internal function]: Phalcon\Mvc\Model\MetaData->readMetaData(Object(Models\Mov))
#8 [internal function]: Phalcon\Mvc\Model\MetaData->hasAttribute(Object(Models\Mov), 'id')
#9 [internal function]: Phalcon\Mvc\Model\Query->_getQualified(Array)
#10 [internal function]: Phalcon\Mvc\Model\Query->_getExpression(Array, true)
#11 [internal function]: Phalcon\Mvc\Model\Query->_getExpression(Array)
#12 [internal function]: Phalcon\Mvc\Model\Query->_prepareSelect()
#13 [internal function]: Phalcon\Mvc\Model\Query->parse()
#14 [internal function]: Phalcon\Mvc\Model\Query->execute()
#15 /Users/jeffrey.pogoy/Sites/cssapi/app/models/Mov.php(89): Phalcon\Mvc\Model::findFirst(Array)
#16 /Users/jeffrey.pogoy/Sites/cssapi/app/controllers/MovController.php(60): Models\Mov::findFirst(Array)
#17 [internal function]: MovController->get('1')
#18 [internal function]: Phalcon\Mvc\Micro\LazyLoader->__call('get', Array)
#19 [internal function]: Phalcon\Mvc\Micro\LazyLoader->callMethod('get', Array, NULL)
#20 /Users/jeffrey.pogoy/Sites/cssapi/public/index.php(55): Phalcon\Mvc\Micro->handle()
#21 {main}

Mon 10 13:39:37 [ERROR] Phalcon\Di\Exception: Service 'db' wasn't found in the dependency injection container
File=/Users/jeffrey.pogoy/Sites/cssapi/app/models/Mov.php
Line=89
#0 [internal function]: Phalcon\Di->get('db', NULL)
#1 [internal function]: Phalcon\Di->getShared('db')
#2 [internal function]: Phalcon\Mvc\Model\Manager->_getConnection(Object(Models\Mov), NULL)
#3 [internal function]: Phalcon\Mvc\Model\Manager->getReadConnection(Object(Models\Mov))
#4 [internal function]: Phalcon\Mvc\Model->getReadConnection()
#5 [internal function]: Phalcon\Mvc\Model\MetaData\Strategy\Introspection->getMetaData(Object(Models\Mov), Object(Phalcon\Di\FactoryDefault))
#6 [internal function]: Phalcon\Mvc\Model\MetaData->_initialize(Object(Models\Mov), 'models\\mov-cssm...', 'mov', 'css')
#7 [internal function]: Phalcon\Mvc\Model\MetaData->readMetaData(Object(Models\Mov))
#8 [internal function]: Phalcon\Mvc\Model\MetaData->hasAttribute(Object(Models\Mov), 'id')
#9 [internal function]: Phalcon\Mvc\Model\Query->_getQualified(Array)
#10 [internal function]: Phalcon\Mvc\Model\Query->_getExpression(Array, true)
#11 [internal function]: Phalcon\Mvc\Model\Query->_getExpression(Array)
#12 [internal function]: Phalcon\Mvc\Model\Query->_prepareSelect()
#13 [internal function]: Phalcon\Mvc\Model\Query->parse()
#14 [internal function]: Phalcon\Mvc\Model\Query->execute()
#15 /Users/jeffrey.pogoy/Sites/cssapi/app/models/Mov.php(89): Phalcon\Mvc\Model::findFirst(Array)
#16 /Users/jeffrey.pogoy/Sites/cssapi/app/controllers/MovController.php(60): Models\Mov::findFirst(Array)
#17 [internal function]: MovController->get('1')
#18 [internal function]: Phalcon\Mvc\Micro\LazyLoader->__call('get', Array)
#19 [internal function]: Phalcon\Mvc\Micro\LazyLoader->callMethod('get', Array, NULL)
#20 /Users/jeffrey.pogoy/Sites/cssapi/public/index.php(55): Phalcon\Mvc\Micro->handle()
#21 {main}

Mon 10 13:39:42 [ERROR] Phalcon\Di\Exception: Service 'db' wasn't found in the dependency injection container
File=/Users/jeffrey.pogoy/Sites/cssapi/app/models/Mov.php
Line=89
#0 [internal function]: Phalcon\Di->get('db', NULL)
#1 [internal function]: Phalcon\Di->getShared('db')
#2 [internal function]: Phalcon\Mvc\Model\Manager->_getConnection(Object(Models\Mov), NULL)
#3 [internal function]: Phalcon\Mvc\Model\Manager->getReadConnection(Object(Models\Mov))
#4 [internal function]: Phalcon\Mvc\Model->getReadConnection()
#5 [internal function]: Phalcon\Mvc\Model\MetaData\Strategy\Introspection->getMetaData(Object(Models\Mov), Object(Phalcon\Di\FactoryDefault))
#6 [internal function]: Phalcon\Mvc\Model\MetaData->_initialize(Object(Models\Mov), 'models\\mov-cssm...', 'mov', 'css')
#7 [internal function]: Phalcon\Mvc\Model\MetaData->readMetaData(Object(Models\Mov))
#8 [internal function]: Phalcon\Mvc\Model\MetaData->hasAttribute(Object(Models\Mov), 'id')
#9 [internal function]: Phalcon\Mvc\Model\Query->_getQualified(Array)
#10 [internal function]: Phalcon\Mvc\Model\Query->_getExpression(Array, true)
#11 [internal function]: Phalcon\Mvc\Model\Query->_getExpression(Array)
#12 [internal function]: Phalcon\Mvc\Model\Query->_prepareSelect()
#13 [internal function]: Phalcon\Mvc\Model\Query->parse()
#14 [internal function]: Phalcon\Mvc\Model\Query->execute()
#15 /Users/jeffrey.pogoy/Sites/cssapi/app/models/Mov.php(89): Phalcon\Mvc\Model::findFirst(Array)
#16 /Users/jeffrey.pogoy/Sites/cssapi/app/controllers/MovController.php(60): Models\Mov::findFirst(Array)
#17 [internal function]: MovController->get('1')
#18 [internal function]: Phalcon\Mvc\Micro\LazyLoader->__call('get', Array)
#19 [internal function]: Phalcon\Mvc\Micro\LazyLoader->callMethod('get', Array, NULL)
#20 /Users/jeffrey.pogoy/Sites/cssapi/public/index.php(55): Phalcon\Mvc\Micro->handle()
#21 {main}

Mon 10 13:39:59 [ERROR] Phalcon\Di\Exception: Service 'db' wasn't found in the dependency injection container
File=/Users/jeffrey.pogoy/Sites/cssapi/app/models/Mov.php
Line=89
#0 [internal function]: Phalcon\Di->get('db', NULL)
#1 [internal function]: Phalcon\Di->getShared('db')
#2 [internal function]: Phalcon\Mvc\Model\Manager->_getConnection(Object(Models\Mov), NULL)
#3 [internal function]: Phalcon\Mvc\Model\Manager->getReadConnection(Object(Models\Mov))
#4 [internal function]: Phalcon\Mvc\Model->getReadConnection()
#5 [internal function]: Phalcon\Mvc\Model\MetaData\Strategy\Introspection->getMetaData(Object(Models\Mov), Object(Phalcon\Di\FactoryDefault))
#6 [internal function]: Phalcon\Mvc\Model\MetaData->_initialize(Object(Models\Mov), 'models\\mov-cssm...', 'mov', 'css')
#7 [internal function]: Phalcon\Mvc\Model\MetaData->readMetaData(Object(Models\Mov))
#8 [internal function]: Phalcon\Mvc\Model\MetaData->hasAttribute(Object(Models\Mov), 'id')
#9 [internal function]: Phalcon\Mvc\Model\Query->_getQualified(Array)
#10 [internal function]: Phalcon\Mvc\Model\Query->_getExpression(Array, true)
#11 [internal function]: Phalcon\Mvc\Model\Query->_getExpression(Array)
#12 [internal function]: Phalcon\Mvc\Model\Query->_prepareSelect()
#13 [internal function]: Phalcon\Mvc\Model\Query->parse()
#14 [internal function]: Phalcon\Mvc\Model\Query->execute()
#15 /Users/jeffrey.pogoy/Sites/cssapi/app/models/Mov.php(89): Phalcon\Mvc\Model::findFirst(Array)
#16 /Users/jeffrey.pogoy/Sites/cssapi/app/controllers/MovController.php(60): Models\Mov::findFirst(Array)
#17 [internal function]: MovController->get('1')
#18 [internal function]: Phalcon\Mvc\Micro\LazyLoader->__call('get', Array)
#19 [internal function]: Phalcon\Mvc\Micro\LazyLoader->callMethod('get', Array, NULL)
#20 /Users/jeffrey.pogoy/Sites/cssapi/public/index.php(55): Phalcon\Mvc\Micro->handle()
#21 {main}

Mon 10 13:40:07 [ERROR] Phalcon\Di\Exception: Service 'db' wasn't found in the dependency injection container
File=/Users/jeffrey.pogoy/Sites/cssapi/app/models/Mov.php
Line=89
#0 [internal function]: Phalcon\Di->get('db', NULL)
#1 [internal function]: Phalcon\Di->getShared('db')
#2 [internal function]: Phalcon\Mvc\Model\Manager->_getConnection(Object(Models\Mov), NULL)
#3 [internal function]: Phalcon\Mvc\Model\Manager->getReadConnection(Object(Models\Mov))
#4 [internal function]: Phalcon\Mvc\Model->getReadConnection()
#5 [internal function]: Phalcon\Mvc\Model\MetaData\Strategy\Introspection->getMetaData(Object(Models\Mov), Object(Phalcon\Di\FactoryDefault))
#6 [internal function]: Phalcon\Mvc\Model\MetaData->_initialize(Object(Models\Mov), 'models\\mov-cssm...', 'mov', 'css')
#7 [internal function]: Phalcon\Mvc\Model\MetaData->readMetaData(Object(Models\Mov))
#8 [internal function]: Phalcon\Mvc\Model\MetaData->hasAttribute(Object(Models\Mov), 'id')
#9 [internal function]: Phalcon\Mvc\Model\Query->_getQualified(Array)
#10 [internal function]: Phalcon\Mvc\Model\Query->_getExpression(Array, true)
#11 [internal function]: Phalcon\Mvc\Model\Query->_getExpression(Array)
#12 [internal function]: Phalcon\Mvc\Model\Query->_prepareSelect()
#13 [internal function]: Phalcon\Mvc\Model\Query->parse()
#14 [internal function]: Phalcon\Mvc\Model\Query->execute()
#15 /Users/jeffrey.pogoy/Sites/cssapi/app/models/Mov.php(89): Phalcon\Mvc\Model::findFirst(Array)
#16 /Users/jeffrey.pogoy/Sites/cssapi/app/controllers/MovController.php(60): Models\Mov::findFirst(Array)
#17 [internal function]: MovController->get('1')
#18 [internal function]: Phalcon\Mvc\Micro\LazyLoader->__call('get', Array)
#19 [internal function]: Phalcon\Mvc\Micro\LazyLoader->callMethod('get', Array, NULL)
#20 /Users/jeffrey.pogoy/Sites/cssapi/public/index.php(55): Phalcon\Mvc\Micro->handle()
#21 {main}

Mon 10 13:41:10 [ERROR] Phalcon\Di\Exception: Service 'db' wasn't found in the dependency injection container
File=/Users/jeffrey.pogoy/Sites/cssapi/app/models/Mov.php
Line=89
#0 [internal function]: Phalcon\Di->get('db', NULL)
#1 [internal function]: Phalcon\Di->getShared('db')
#2 [internal function]: Phalcon\Mvc\Model\Manager->_getConnection(Object(Models\Mov), NULL)
#3 [internal function]: Phalcon\Mvc\Model\Manager->getReadConnection(Object(Models\Mov))
#4 [internal function]: Phalcon\Mvc\Model->getReadConnection()
#5 [internal function]: Phalcon\Mvc\Model\MetaData\Strategy\Introspection->getMetaData(Object(Models\Mov), Object(Phalcon\Di\FactoryDefault))
#6 [internal function]: Phalcon\Mvc\Model\MetaData->_initialize(Object(Models\Mov), 'models\\mov-cssm...', 'mov', 'css')
#7 [internal function]: Phalcon\Mvc\Model\MetaData->readMetaData(Object(Models\Mov))
#8 [internal function]: Phalcon\Mvc\Model\MetaData->hasAttribute(Object(Models\Mov), 'id')
#9 [internal function]: Phalcon\Mvc\Model\Query->_getQualified(Array)
#10 [internal function]: Phalcon\Mvc\Model\Query->_getExpression(Array, true)
#11 [internal function]: Phalcon\Mvc\Model\Query->_getExpression(Array)
#12 [internal function]: Phalcon\Mvc\Model\Query->_prepareSelect()
#13 [internal function]: Phalcon\Mvc\Model\Query->parse()
#14 [internal function]: Phalcon\Mvc\Model\Query->execute()
#15 /Users/jeffrey.pogoy/Sites/cssapi/app/models/Mov.php(89): Phalcon\Mvc\Model::findFirst(Array)
#16 /Users/jeffrey.pogoy/Sites/cssapi/app/controllers/MovController.php(60): Models\Mov::findFirst(Array)
#17 [internal function]: MovController->get('1')
#18 [internal function]: Phalcon\Mvc\Micro\LazyLoader->__call('get', Array)
#19 [internal function]: Phalcon\Mvc\Micro\LazyLoader->callMethod('get', Array, NULL)
#20 /Users/jeffrey.pogoy/Sites/cssapi/public/index.php(55): Phalcon\Mvc\Micro->handle()
#21 {main}

Mon 10 13:41:24 [ERROR] Phalcon\Di\Exception: Service 'db' wasn't found in the dependency injection container
File=/Users/jeffrey.pogoy/Sites/cssapi/app/models/Mov.php
Line=89
#0 [internal function]: Phalcon\Di->get('db', NULL)
#1 [internal function]: Phalcon\Di->getShared('db')
#2 [internal function]: Phalcon\Mvc\Model\Manager->_getConnection(Object(Models\Mov), NULL)
#3 [internal function]: Phalcon\Mvc\Model\Manager->getReadConnection(Object(Models\Mov))
#4 [internal function]: Phalcon\Mvc\Model->getReadConnection()
#5 [internal function]: Phalcon\Mvc\Model\MetaData\Strategy\Introspection->getMetaData(Object(Models\Mov), Object(Phalcon\Di\FactoryDefault))
#6 [internal function]: Phalcon\Mvc\Model\MetaData->_initialize(Object(Models\Mov), 'models\\mov-cssm...', 'mov', 'css')
#7 [internal function]: Phalcon\Mvc\Model\MetaData->readMetaData(Object(Models\Mov))
#8 [internal function]: Phalcon\Mvc\Model\MetaData->hasAttribute(Object(Models\Mov), 'id')
#9 [internal function]: Phalcon\Mvc\Model\Query->_getQualified(Array)
#10 [internal function]: Phalcon\Mvc\Model\Query->_getExpression(Array, true)
#11 [internal function]: Phalcon\Mvc\Model\Query->_getExpression(Array)
#12 [internal function]: Phalcon\Mvc\Model\Query->_prepareSelect()
#13 [internal function]: Phalcon\Mvc\Model\Query->parse()
#14 [internal function]: Phalcon\Mvc\Model\Query->execute()
#15 /Users/jeffrey.pogoy/Sites/cssapi/app/models/Mov.php(89): Phalcon\Mvc\Model::findFirst(Array)
#16 /Users/jeffrey.pogoy/Sites/cssapi/app/controllers/MovController.php(60): Models\Mov::findFirst(Array)
#17 [internal function]: MovController->get('1')
#18 [internal function]: Phalcon\Mvc\Micro\LazyLoader->__call('get', Array)
#19 [internal function]: Phalcon\Mvc\Micro\LazyLoader->callMethod('get', Array, NULL)
#20 /Users/jeffrey.pogoy/Sites/cssapi/public/index.php(55): Phalcon\Mvc\Micro->handle()
#21 {main}

Mon 10 13:41:38 [ERROR] Phalcon\Di\Exception: Service 'db' wasn't found in the dependency injection container
File=/Users/jeffrey.pogoy/Sites/cssapi/app/models/Mov.php
Line=89
#0 [internal function]: Phalcon\Di->get('db', NULL)
#1 [internal function]: Phalcon\Di->getShared('db')
#2 [internal function]: Phalcon\Mvc\Model\Manager->_getConnection(Object(Models\Mov), NULL)
#3 [internal function]: Phalcon\Mvc\Model\Manager->getReadConnection(Object(Models\Mov))
#4 [internal function]: Phalcon\Mvc\Model->getReadConnection()
#5 [internal function]: Phalcon\Mvc\Model\MetaData\Strategy\Introspection->getMetaData(Object(Models\Mov), Object(Phalcon\Di\FactoryDefault))
#6 [internal function]: Phalcon\Mvc\Model\MetaData->_initialize(Object(Models\Mov), 'models\\mov-cssm...', 'mov', 'css')
#7 [internal function]: Phalcon\Mvc\Model\MetaData->readMetaData(Object(Models\Mov))
#8 [internal function]: Phalcon\Mvc\Model\MetaData->hasAttribute(Object(Models\Mov), 'id')
#9 [internal function]: Phalcon\Mvc\Model\Query->_getQualified(Array)
#10 [internal function]: Phalcon\Mvc\Model\Query->_getExpression(Array, true)
#11 [internal function]: Phalcon\Mvc\Model\Query->_getExpression(Array)
#12 [internal function]: Phalcon\Mvc\Model\Query->_prepareSelect()
#13 [internal function]: Phalcon\Mvc\Model\Query->parse()
#14 [internal function]: Phalcon\Mvc\Model\Query->execute()
#15 /Users/jeffrey.pogoy/Sites/cssapi/app/models/Mov.php(89): Phalcon\Mvc\Model::findFirst(Array)
#16 /Users/jeffrey.pogoy/Sites/cssapi/app/controllers/MovController.php(60): Models\Mov::findFirst(Array)
#17 [internal function]: MovController->get('1')
#18 [internal function]: Phalcon\Mvc\Micro\LazyLoader->__call('get', Array)
#19 [internal function]: Phalcon\Mvc\Micro\LazyLoader->callMethod('get', Array, NULL)
#20 /Users/jeffrey.pogoy/Sites/cssapi/public/index.php(55): Phalcon\Mvc\Micro->handle()
#21 {main}

Mon 10 13:43:21 [ERROR] Phalcon\Di\Exception: Service 'db' wasn't found in the dependency injection container
File=/Users/jeffrey.pogoy/Sites/cssapi/app/models/Mov.php
Line=89
#0 [internal function]: Phalcon\Di->get('db', NULL)
#1 [internal function]: Phalcon\Di->getShared('db')
#2 [internal function]: Phalcon\Mvc\Model\Manager->_getConnection(Object(Models\Mov), NULL)
#3 [internal function]: Phalcon\Mvc\Model\Manager->getReadConnection(Object(Models\Mov))
#4 [internal function]: Phalcon\Mvc\Model->getReadConnection()
#5 [internal function]: Phalcon\Mvc\Model\MetaData\Strategy\Introspection->getMetaData(Object(Models\Mov), Object(Phalcon\Di\FactoryDefault))
#6 [internal function]: Phalcon\Mvc\Model\MetaData->_initialize(Object(Models\Mov), 'models\\mov-cssm...', 'mov', 'css')
#7 [internal function]: Phalcon\Mvc\Model\MetaData->readMetaData(Object(Models\Mov))
#8 [internal function]: Phalcon\Mvc\Model\MetaData->hasAttribute(Object(Models\Mov), 'id')
#9 [internal function]: Phalcon\Mvc\Model\Query->_getQualified(Array)
#10 [internal function]: Phalcon\Mvc\Model\Query->_getExpression(Array, true)
#11 [internal function]: Phalcon\Mvc\Model\Query->_getExpression(Array)
#12 [internal function]: Phalcon\Mvc\Model\Query->_prepareSelect()
#13 [internal function]: Phalcon\Mvc\Model\Query->parse()
#14 [internal function]: Phalcon\Mvc\Model\Query->execute()
#15 /Users/jeffrey.pogoy/Sites/cssapi/app/models/Mov.php(89): Phalcon\Mvc\Model::findFirst(Array)
#16 /Users/jeffrey.pogoy/Sites/cssapi/app/controllers/MovController.php(60): Models\Mov::findFirst(Array)
#17 [internal function]: MovController->get('1')
#18 [internal function]: Phalcon\Mvc\Micro\LazyLoader->__call('get', Array)
#19 [internal function]: Phalcon\Mvc\Micro\LazyLoader->callMethod('get', Array, NULL)
#20 /Users/jeffrey.pogoy/Sites/cssapi/public/index.php(55): Phalcon\Mvc\Micro->handle()
#21 {main}

Mon 10 13:47:16 [ERROR] Phalcon\Di\Exception: Service 'db' wasn't found in the dependency injection container
File=/Users/jeffrey.pogoy/Sites/cssapi/app/models/Mov.php
Line=89
#0 [internal function]: Phalcon\Di->get('db', NULL)
#1 [internal function]: Phalcon\Di->getShared('db')
#2 [internal function]: Phalcon\Mvc\Model\Manager->_getConnection(Object(Models\Mov), NULL)
#3 [internal function]: Phalcon\Mvc\Model\Manager->getReadConnection(Object(Models\Mov))
#4 [internal function]: Phalcon\Mvc\Model->getReadConnection()
#5 [internal function]: Phalcon\Mvc\Model\MetaData\Strategy\Introspection->getMetaData(Object(Models\Mov), Object(Phalcon\Di\FactoryDefault))
#6 [internal function]: Phalcon\Mvc\Model\MetaData->_initialize(Object(Models\Mov), 'models\\mov-cssm...', 'mov', 'css')
#7 [internal function]: Phalcon\Mvc\Model\MetaData->readMetaData(Object(Models\Mov))
#8 [internal function]: Phalcon\Mvc\Model\MetaData->hasAttribute(Object(Models\Mov), 'id')
#9 [internal function]: Phalcon\Mvc\Model\Query->_getQualified(Array)
#10 [internal function]: Phalcon\Mvc\Model\Query->_getExpression(Array, true)
#11 [internal function]: Phalcon\Mvc\Model\Query->_getExpression(Array)
#12 [internal function]: Phalcon\Mvc\Model\Query->_prepareSelect()
#13 [internal function]: Phalcon\Mvc\Model\Query->parse()
#14 [internal function]: Phalcon\Mvc\Model\Query->execute()
#15 /Users/jeffrey.pogoy/Sites/cssapi/app/models/Mov.php(89): Phalcon\Mvc\Model::findFirst(Array)
#16 /Users/jeffrey.pogoy/Sites/cssapi/app/controllers/MovController.php(60): Models\Mov::findFirst(Array)
#17 [internal function]: MovController->get('1')
#18 [internal function]: Phalcon\Mvc\Micro\LazyLoader->__call('get', Array)
#19 [internal function]: Phalcon\Mvc\Micro\LazyLoader->callMethod('get', Array, NULL)
#20 /Users/jeffrey.pogoy/Sites/cssapi/public/index.php(55): Phalcon\Mvc\Micro->handle()
#21 {main}

Mon 10 13:47:33 [ERROR] Phalcon\Di\Exception: Service 'db' wasn't found in the dependency injection container
File=/Users/jeffrey.pogoy/Sites/cssapi/app/models/Mov.php
Line=89
#0 [internal function]: Phalcon\Di->get('db', NULL)
#1 [internal function]: Phalcon\Di->getShared('db')
#2 [internal function]: Phalcon\Mvc\Model\Manager->_getConnection(Object(Models\Mov), NULL)
#3 [internal function]: Phalcon\Mvc\Model\Manager->getReadConnection(Object(Models\Mov))
#4 [internal function]: Phalcon\Mvc\Model->getReadConnection()
#5 [internal function]: Phalcon\Mvc\Model\MetaData\Strategy\Introspection->getMetaData(Object(Models\Mov), Object(Phalcon\Di\FactoryDefault))
#6 [internal function]: Phalcon\Mvc\Model\MetaData->_initialize(Object(Models\Mov), 'models\\mov-cssm...', 'mov', 'css')
#7 [internal function]: Phalcon\Mvc\Model\MetaData->readMetaData(Object(Models\Mov))
#8 [internal function]: Phalcon\Mvc\Model\MetaData->hasAttribute(Object(Models\Mov), 'id')
#9 [internal function]: Phalcon\Mvc\Model\Query->_getQualified(Array)
#10 [internal function]: Phalcon\Mvc\Model\Query->_getExpression(Array, true)
#11 [internal function]: Phalcon\Mvc\Model\Query->_getExpression(Array)
#12 [internal function]: Phalcon\Mvc\Model\Query->_prepareSelect()
#13 [internal function]: Phalcon\Mvc\Model\Query->parse()
#14 [internal function]: Phalcon\Mvc\Model\Query->execute()
#15 /Users/jeffrey.pogoy/Sites/cssapi/app/models/Mov.php(89): Phalcon\Mvc\Model::findFirst(Array)
#16 /Users/jeffrey.pogoy/Sites/cssapi/app/controllers/MovController.php(60): Models\Mov::findFirst(Array)
#17 [internal function]: MovController->get('1')
#18 [internal function]: Phalcon\Mvc\Micro\LazyLoader->__call('get', Array)
#19 [internal function]: Phalcon\Mvc\Micro\LazyLoader->callMethod('get', Array, NULL)
#20 /Users/jeffrey.pogoy/Sites/cssapi/public/index.php(55): Phalcon\Mvc\Micro->handle()
#21 {main}

Mon 10 13:47:44 [ERROR] Phalcon\Di\Exception: Service 'db' wasn't found in the dependency injection container
File=/Users/jeffrey.pogoy/Sites/cssapi/app/models/Mov.php
Line=89
#0 [internal function]: Phalcon\Di->get('db', NULL)
#1 [internal function]: Phalcon\Di->getShared('db')
#2 [internal function]: Phalcon\Mvc\Model\Manager->_getConnection(Object(Models\Mov), NULL)
#3 [internal function]: Phalcon\Mvc\Model\Manager->getReadConnection(Object(Models\Mov))
#4 [internal function]: Phalcon\Mvc\Model->getReadConnection()
#5 [internal function]: Phalcon\Mvc\Model\MetaData\Strategy\Introspection->getMetaData(Object(Models\Mov), Object(Phalcon\Di\FactoryDefault))
#6 [internal function]: Phalcon\Mvc\Model\MetaData->_initialize(Object(Models\Mov), 'models\\mov-cssm...', 'mov', 'css')
#7 [internal function]: Phalcon\Mvc\Model\MetaData->readMetaData(Object(Models\Mov))
#8 [internal function]: Phalcon\Mvc\Model\MetaData->hasAttribute(Object(Models\Mov), 'id')
#9 [internal function]: Phalcon\Mvc\Model\Query->_getQualified(Array)
#10 [internal function]: Phalcon\Mvc\Model\Query->_getExpression(Array, true)
#11 [internal function]: Phalcon\Mvc\Model\Query->_getExpression(Array)
#12 [internal function]: Phalcon\Mvc\Model\Query->_prepareSelect()
#13 [internal function]: Phalcon\Mvc\Model\Query->parse()
#14 [internal function]: Phalcon\Mvc\Model\Query->execute()
#15 /Users/jeffrey.pogoy/Sites/cssapi/app/models/Mov.php(89): Phalcon\Mvc\Model::findFirst(Array)
#16 /Users/jeffrey.pogoy/Sites/cssapi/app/controllers/MovController.php(60): Models\Mov::findFirst(Array)
#17 [internal function]: MovController->get('1')
#18 [internal function]: Phalcon\Mvc\Micro\LazyLoader->__call('get', Array)
#19 [internal function]: Phalcon\Mvc\Micro\LazyLoader->callMethod('get', Array, NULL)
#20 /Users/jeffrey.pogoy/Sites/cssapi/public/index.php(55): Phalcon\Mvc\Micro->handle()
#21 {main}

Mon 10 13:48:16 [ERROR] Phalcon\Di\Exception: Service 'db' wasn't found in the dependency injection container
File=/Users/jeffrey.pogoy/Sites/cssapi/app/models/Mov.php
Line=89
#0 [internal function]: Phalcon\Di->get('db', NULL)
#1 [internal function]: Phalcon\Di->getShared('db')
#2 [internal function]: Phalcon\Mvc\Model\Manager->_getConnection(Object(Models\Mov), NULL)
#3 [internal function]: Phalcon\Mvc\Model\Manager->getReadConnection(Object(Models\Mov))
#4 [internal function]: Phalcon\Mvc\Model->getReadConnection()
#5 [internal function]: Phalcon\Mvc\Model\MetaData\Strategy\Introspection->getMetaData(Object(Models\Mov), Object(Phalcon\Di\FactoryDefault))
#6 [internal function]: Phalcon\Mvc\Model\MetaData->_initialize(Object(Models\Mov), 'models\\mov-cssm...', 'mov', 'css')
#7 [internal function]: Phalcon\Mvc\Model\MetaData->readMetaData(Object(Models\Mov))
#8 [internal function]: Phalcon\Mvc\Model\MetaData->hasAttribute(Object(Models\Mov), 'id')
#9 [internal function]: Phalcon\Mvc\Model\Query->_getQualified(Array)
#10 [internal function]: Phalcon\Mvc\Model\Query->_getExpression(Array, true)
#11 [internal function]: Phalcon\Mvc\Model\Query->_getExpression(Array)
#12 [internal function]: Phalcon\Mvc\Model\Query->_prepareSelect()
#13 [internal function]: Phalcon\Mvc\Model\Query->parse()
#14 [internal function]: Phalcon\Mvc\Model\Query->execute()
#15 /Users/jeffrey.pogoy/Sites/cssapi/app/models/Mov.php(89): Phalcon\Mvc\Model::findFirst(Array)
#16 /Users/jeffrey.pogoy/Sites/cssapi/app/controllers/MovController.php(60): Models\Mov::findFirst(Array)
#17 [internal function]: MovController->get('1')
#18 [internal function]: Phalcon\Mvc\Micro\LazyLoader->__call('get', Array)
#19 [internal function]: Phalcon\Mvc\Micro\LazyLoader->callMethod('get', Array, NULL)
#20 /Users/jeffrey.pogoy/Sites/cssapi/public/index.php(55): Phalcon\Mvc\Micro->handle()
#21 {main}

Mon 10 13:48:55 [ERROR] Phalcon\Di\Exception: Service 'db' wasn't found in the dependency injection container
File=/Users/jeffrey.pogoy/Sites/cssapi/app/models/Mov.php
Line=89
#0 [internal function]: Phalcon\Di->get('db', NULL)
#1 [internal function]: Phalcon\Di->getShared('db')
#2 [internal function]: Phalcon\Mvc\Model\Manager->_getConnection(Object(Models\Mov), NULL)
#3 [internal function]: Phalcon\Mvc\Model\Manager->getReadConnection(Object(Models\Mov))
#4 [internal function]: Phalcon\Mvc\Model->getReadConnection()
#5 [internal function]: Phalcon\Mvc\Model\MetaData\Strategy\Introspection->getMetaData(Object(Models\Mov), Object(Phalcon\Di\FactoryDefault))
#6 [internal function]: Phalcon\Mvc\Model\MetaData->_initialize(Object(Models\Mov), 'models\\mov-cssm...', 'mov', 'css')
#7 [internal function]: Phalcon\Mvc\Model\MetaData->readMetaData(Object(Models\Mov))
#8 [internal function]: Phalcon\Mvc\Model\MetaData->hasAttribute(Object(Models\Mov), 'id')
#9 [internal function]: Phalcon\Mvc\Model\Query->_getQualified(Array)
#10 [internal function]: Phalcon\Mvc\Model\Query->_getExpression(Array, true)
#11 [internal function]: Phalcon\Mvc\Model\Query->_getExpression(Array)
#12 [internal function]: Phalcon\Mvc\Model\Query->_prepareSelect()
#13 [internal function]: Phalcon\Mvc\Model\Query->parse()
#14 [internal function]: Phalcon\Mvc\Model\Query->execute()
#15 /Users/jeffrey.pogoy/Sites/cssapi/app/models/Mov.php(89): Phalcon\Mvc\Model::findFirst(Array)
#16 /Users/jeffrey.pogoy/Sites/cssapi/app/controllers/MovController.php(60): Models\Mov::findFirst(Array)
#17 [internal function]: MovController->get('1')
#18 [internal function]: Phalcon\Mvc\Micro\LazyLoader->__call('get', Array)
#19 [internal function]: Phalcon\Mvc\Micro\LazyLoader->callMethod('get', Array, NULL)
#20 /Users/jeffrey.pogoy/Sites/cssapi/public/index.php(55): Phalcon\Mvc\Micro->handle()
#21 {main}

Mon 10 13:49:16 [ERROR] Phalcon\Di\Exception: Service 'db' wasn't found in the dependency injection container
File=/Users/jeffrey.pogoy/Sites/cssapi/app/models/Mov.php
Line=89
#0 [internal function]: Phalcon\Di->get('db', NULL)
#1 [internal function]: Phalcon\Di->getShared('db')
#2 [internal function]: Phalcon\Mvc\Model\Manager->_getConnection(Object(Models\Mov), NULL)
#3 [internal function]: Phalcon\Mvc\Model\Manager->getReadConnection(Object(Models\Mov))
#4 [internal function]: Phalcon\Mvc\Model->getReadConnection()
#5 [internal function]: Phalcon\Mvc\Model\MetaData\Strategy\Introspection->getMetaData(Object(Models\Mov), Object(Phalcon\Di\FactoryDefault))
#6 [internal function]: Phalcon\Mvc\Model\MetaData->_initialize(Object(Models\Mov), 'models\\mov-cssm...', 'mov', 'css')
#7 [internal function]: Phalcon\Mvc\Model\MetaData->readMetaData(Object(Models\Mov))
#8 [internal function]: Phalcon\Mvc\Model\MetaData->hasAttribute(Object(Models\Mov), 'id')
#9 [internal function]: Phalcon\Mvc\Model\Query->_getQualified(Array)
#10 [internal function]: Phalcon\Mvc\Model\Query->_getExpression(Array, true)
#11 [internal function]: Phalcon\Mvc\Model\Query->_getExpression(Array)
#12 [internal function]: Phalcon\Mvc\Model\Query->_prepareSelect()
#13 [internal function]: Phalcon\Mvc\Model\Query->parse()
#14 [internal function]: Phalcon\Mvc\Model\Query->execute()
#15 /Users/jeffrey.pogoy/Sites/cssapi/app/models/Mov.php(89): Phalcon\Mvc\Model::findFirst(Array)
#16 /Users/jeffrey.pogoy/Sites/cssapi/app/controllers/MovController.php(60): Models\Mov::findFirst(Array)
#17 [internal function]: MovController->get('1')
#18 [internal function]: Phalcon\Mvc\Micro\LazyLoader->__call('get', Array)
#19 [internal function]: Phalcon\Mvc\Micro\LazyLoader->callMethod('get', Array, NULL)
#20 /Users/jeffrey.pogoy/Sites/cssapi/public/index.php(55): Phalcon\Mvc\Micro->handle()
#21 {main}

Mon 10 13:49:26 [ERROR] Phalcon\Di\Exception: Service 'db' wasn't found in the dependency injection container
File=/Users/jeffrey.pogoy/Sites/cssapi/app/models/Mov.php
Line=89
#0 [internal function]: Phalcon\Di->get('db', NULL)
#1 [internal function]: Phalcon\Di->getShared('db')
#2 [internal function]: Phalcon\Mvc\Model\Manager->_getConnection(Object(Models\Mov), NULL)
#3 [internal function]: Phalcon\Mvc\Model\Manager->getReadConnection(Object(Models\Mov))
#4 [internal function]: Phalcon\Mvc\Model->getReadConnection()
#5 [internal function]: Phalcon\Mvc\Model\MetaData\Strategy\Introspection->getMetaData(Object(Models\Mov), Object(Phalcon\Di\FactoryDefault))
#6 [internal function]: Phalcon\Mvc\Model\MetaData->_initialize(Object(Models\Mov), 'models\\mov-cssm...', 'mov', 'css')
#7 [internal function]: Phalcon\Mvc\Model\MetaData->readMetaData(Object(Models\Mov))
#8 [internal function]: Phalcon\Mvc\Model\MetaData->hasAttribute(Object(Models\Mov), 'id')
#9 [internal function]: Phalcon\Mvc\Model\Query->_getQualified(Array)
#10 [internal function]: Phalcon\Mvc\Model\Query->_getExpression(Array, true)
#11 [internal function]: Phalcon\Mvc\Model\Query->_getExpression(Array)
#12 [internal function]: Phalcon\Mvc\Model\Query->_prepareSelect()
#13 [internal function]: Phalcon\Mvc\Model\Query->parse()
#14 [internal function]: Phalcon\Mvc\Model\Query->execute()
#15 /Users/jeffrey.pogoy/Sites/cssapi/app/models/Mov.php(89): Phalcon\Mvc\Model::findFirst(Array)
#16 /Users/jeffrey.pogoy/Sites/cssapi/app/controllers/MovController.php(60): Models\Mov::findFirst(Array)
#17 [internal function]: MovController->get('1')
#18 [internal function]: Phalcon\Mvc\Micro\LazyLoader->__call('get', Array)
#19 [internal function]: Phalcon\Mvc\Micro\LazyLoader->callMethod('get', Array, NULL)
#20 /Users/jeffrey.pogoy/Sites/cssapi/public/index.php(55): Phalcon\Mvc\Micro->handle()
#21 {main}

Mon 10 13:50:48 [ERROR] Phalcon\Di\Exception: Service 'db' wasn't found in the dependency injection container
File=/Users/jeffrey.pogoy/Sites/cssapi/app/models/Mov.php
Line=89
#0 [internal function]: Phalcon\Di->get('db', NULL)
#1 [internal function]: Phalcon\Di->getShared('db')
#2 [internal function]: Phalcon\Mvc\Model\Manager->_getConnection(Object(Models\Mov), NULL)
#3 [internal function]: Phalcon\Mvc\Model\Manager->getReadConnection(Object(Models\Mov))
#4 [internal function]: Phalcon\Mvc\Model->getReadConnection()
#5 [internal function]: Phalcon\Mvc\Model\MetaData\Strategy\Introspection->getMetaData(Object(Models\Mov), Object(Phalcon\Di\FactoryDefault))
#6 [internal function]: Phalcon\Mvc\Model\MetaData->_initialize(Object(Models\Mov), 'models\\mov-cssm...', 'mov', 'css')
#7 [internal function]: Phalcon\Mvc\Model\MetaData->readMetaData(Object(Models\Mov))
#8 [internal function]: Phalcon\Mvc\Model\MetaData->hasAttribute(Object(Models\Mov), 'id')
#9 [internal function]: Phalcon\Mvc\Model\Query->_getQualified(Array)
#10 [internal function]: Phalcon\Mvc\Model\Query->_getExpression(Array, true)
#11 [internal function]: Phalcon\Mvc\Model\Query->_getExpression(Array)
#12 [internal function]: Phalcon\Mvc\Model\Query->_prepareSelect()
#13 [internal function]: Phalcon\Mvc\Model\Query->parse()
#14 [internal function]: Phalcon\Mvc\Model\Query->execute()
#15 /Users/jeffrey.pogoy/Sites/cssapi/app/models/Mov.php(89): Phalcon\Mvc\Model::findFirst(Array)
#16 /Users/jeffrey.pogoy/Sites/cssapi/app/controllers/MovController.php(60): Models\Mov::findFirst(Array)
#17 [internal function]: MovController->get('1')
#18 [internal function]: Phalcon\Mvc\Micro\LazyLoader->__call('get', Array)
#19 [internal function]: Phalcon\Mvc\Micro\LazyLoader->callMethod('get', Array, NULL)
#20 /Users/jeffrey.pogoy/Sites/cssapi/public/index.php(55): Phalcon\Mvc\Micro->handle()
#21 {main}

Mon 10 13:51:22 [ERROR] Phalcon\Di\Exception: Service 'db' wasn't found in the dependency injection container
File=/Users/jeffrey.pogoy/Sites/cssapi/app/models/Mov.php
Line=89
#0 [internal function]: Phalcon\Di->get('db', NULL)
#1 [internal function]: Phalcon\Di->getShared('db')
#2 [internal function]: Phalcon\Mvc\Model\Manager->_getConnection(Object(Models\Mov), NULL)
#3 [internal function]: Phalcon\Mvc\Model\Manager->getReadConnection(Object(Models\Mov))
#4 [internal function]: Phalcon\Mvc\Model->getReadConnection()
#5 [internal function]: Phalcon\Mvc\Model\MetaData\Strategy\Introspection->getMetaData(Object(Models\Mov), Object(Phalcon\Di\FactoryDefault))
#6 [internal function]: Phalcon\Mvc\Model\MetaData->_initialize(Object(Models\Mov), 'models\\mov-cssm...', 'mov', 'css')
#7 [internal function]: Phalcon\Mvc\Model\MetaData->readMetaData(Object(Models\Mov))
#8 [internal function]: Phalcon\Mvc\Model\MetaData->hasAttribute(Object(Models\Mov), 'id')
#9 [internal function]: Phalcon\Mvc\Model\Query->_getQualified(Array)
#10 [internal function]: Phalcon\Mvc\Model\Query->_getExpression(Array, true)
#11 [internal function]: Phalcon\Mvc\Model\Query->_getExpression(Array)
#12 [internal function]: Phalcon\Mvc\Model\Query->_prepareSelect()
#13 [internal function]: Phalcon\Mvc\Model\Query->parse()
#14 [internal function]: Phalcon\Mvc\Model\Query->execute()
#15 /Users/jeffrey.pogoy/Sites/cssapi/app/models/Mov.php(89): Phalcon\Mvc\Model::findFirst(Array)
#16 /Users/jeffrey.pogoy/Sites/cssapi/app/controllers/MovController.php(60): Models\Mov::findFirst(Array)
#17 [internal function]: MovController->get('1')
#18 [internal function]: Phalcon\Mvc\Micro\LazyLoader->__call('get', Array)
#19 [internal function]: Phalcon\Mvc\Micro\LazyLoader->callMethod('get', Array, NULL)
#20 /Users/jeffrey.pogoy/Sites/cssapi/public/index.php(55): Phalcon\Mvc\Micro->handle()
#21 {main}

Mon 10 13:51:23 [ERROR] Phalcon\Di\Exception: Service 'db' wasn't found in the dependency injection container
File=/Users/jeffrey.pogoy/Sites/cssapi/app/models/Mov.php
Line=89
#0 [internal function]: Phalcon\Di->get('db', NULL)
#1 [internal function]: Phalcon\Di->getShared('db')
#2 [internal function]: Phalcon\Mvc\Model\Manager->_getConnection(Object(Models\Mov), NULL)
#3 [internal function]: Phalcon\Mvc\Model\Manager->getReadConnection(Object(Models\Mov))
#4 [internal function]: Phalcon\Mvc\Model->getReadConnection()
#5 [internal function]: Phalcon\Mvc\Model\MetaData\Strategy\Introspection->getMetaData(Object(Models\Mov), Object(Phalcon\Di\FactoryDefault))
#6 [internal function]: Phalcon\Mvc\Model\MetaData->_initialize(Object(Models\Mov), 'models\\mov-cssm...', 'mov', 'css')
#7 [internal function]: Phalcon\Mvc\Model\MetaData->readMetaData(Object(Models\Mov))
#8 [internal function]: Phalcon\Mvc\Model\MetaData->hasAttribute(Object(Models\Mov), 'id')
#9 [internal function]: Phalcon\Mvc\Model\Query->_getQualified(Array)
#10 [internal function]: Phalcon\Mvc\Model\Query->_getExpression(Array, true)
#11 [internal function]: Phalcon\Mvc\Model\Query->_getExpression(Array)
#12 [internal function]: Phalcon\Mvc\Model\Query->_prepareSelect()
#13 [internal function]: Phalcon\Mvc\Model\Query->parse()
#14 [internal function]: Phalcon\Mvc\Model\Query->execute()
#15 /Users/jeffrey.pogoy/Sites/cssapi/app/models/Mov.php(89): Phalcon\Mvc\Model::findFirst(Array)
#16 /Users/jeffrey.pogoy/Sites/cssapi/app/controllers/MovController.php(60): Models\Mov::findFirst(Array)
#17 [internal function]: MovController->get('1')
#18 [internal function]: Phalcon\Mvc\Micro\LazyLoader->__call('get', Array)
#19 [internal function]: Phalcon\Mvc\Micro\LazyLoader->callMethod('get', Array, NULL)
#20 /Users/jeffrey.pogoy/Sites/cssapi/public/index.php(55): Phalcon\Mvc\Micro->handle()
#21 {main}

Mon 10 13:51:23 [ERROR] Phalcon\Di\Exception: Service 'db' wasn't found in the dependency injection container
File=/Users/jeffrey.pogoy/Sites/cssapi/app/models/Mov.php
Line=89
#0 [internal function]: Phalcon\Di->get('db', NULL)
#1 [internal function]: Phalcon\Di->getShared('db')
#2 [internal function]: Phalcon\Mvc\Model\Manager->_getConnection(Object(Models\Mov), NULL)
#3 [internal function]: Phalcon\Mvc\Model\Manager->getReadConnection(Object(Models\Mov))
#4 [internal function]: Phalcon\Mvc\Model->getReadConnection()
#5 [internal function]: Phalcon\Mvc\Model\MetaData\Strategy\Introspection->getMetaData(Object(Models\Mov), Object(Phalcon\Di\FactoryDefault))
#6 [internal function]: Phalcon\Mvc\Model\MetaData->_initialize(Object(Models\Mov), 'models\\mov-cssm...', 'mov', 'css')
#7 [internal function]: Phalcon\Mvc\Model\MetaData->readMetaData(Object(Models\Mov))
#8 [internal function]: Phalcon\Mvc\Model\MetaData->hasAttribute(Object(Models\Mov), 'id')
#9 [internal function]: Phalcon\Mvc\Model\Query->_getQualified(Array)
#10 [internal function]: Phalcon\Mvc\Model\Query->_getExpression(Array, true)
#11 [internal function]: Phalcon\Mvc\Model\Query->_getExpression(Array)
#12 [internal function]: Phalcon\Mvc\Model\Query->_prepareSelect()
#13 [internal function]: Phalcon\Mvc\Model\Query->parse()
#14 [internal function]: Phalcon\Mvc\Model\Query->execute()
#15 /Users/jeffrey.pogoy/Sites/cssapi/app/models/Mov.php(89): Phalcon\Mvc\Model::findFirst(Array)
#16 /Users/jeffrey.pogoy/Sites/cssapi/app/controllers/MovController.php(60): Models\Mov::findFirst(Array)
#17 [internal function]: MovController->get('1')
#18 [internal function]: Phalcon\Mvc\Micro\LazyLoader->__call('get', Array)
#19 [internal function]: Phalcon\Mvc\Micro\LazyLoader->callMethod('get', Array, NULL)
#20 /Users/jeffrey.pogoy/Sites/cssapi/public/index.php(55): Phalcon\Mvc\Micro->handle()
#21 {main}

Mon 10 13:51:31 [ERROR] Phalcon\Di\Exception: Service 'db' wasn't found in the dependency injection container
File=/Users/jeffrey.pogoy/Sites/cssapi/app/models/Mov.php
Line=89
#0 [internal function]: Phalcon\Di->get('db', NULL)
#1 [internal function]: Phalcon\Di->getShared('db')
#2 [internal function]: Phalcon\Mvc\Model\Manager->_getConnection(Object(Models\Mov), NULL)
#3 [internal function]: Phalcon\Mvc\Model\Manager->getReadConnection(Object(Models\Mov))
#4 [internal function]: Phalcon\Mvc\Model->getReadConnection()
#5 [internal function]: Phalcon\Mvc\Model\MetaData\Strategy\Introspection->getMetaData(Object(Models\Mov), Object(Phalcon\Di\FactoryDefault))
#6 [internal function]: Phalcon\Mvc\Model\MetaData->_initialize(Object(Models\Mov), 'models\\mov-cssm...', 'mov', 'css')
#7 [internal function]: Phalcon\Mvc\Model\MetaData->readMetaData(Object(Models\Mov))
#8 [internal function]: Phalcon\Mvc\Model\MetaData->hasAttribute(Object(Models\Mov), 'id')
#9 [internal function]: Phalcon\Mvc\Model\Query->_getQualified(Array)
#10 [internal function]: Phalcon\Mvc\Model\Query->_getExpression(Array, true)
#11 [internal function]: Phalcon\Mvc\Model\Query->_getExpression(Array)
#12 [internal function]: Phalcon\Mvc\Model\Query->_prepareSelect()
#13 [internal function]: Phalcon\Mvc\Model\Query->parse()
#14 [internal function]: Phalcon\Mvc\Model\Query->execute()
#15 /Users/jeffrey.pogoy/Sites/cssapi/app/models/Mov.php(89): Phalcon\Mvc\Model::findFirst(Array)
#16 /Users/jeffrey.pogoy/Sites/cssapi/app/controllers/MovController.php(60): Models\Mov::findFirst(Array)
#17 [internal function]: MovController->get('1')
#18 [internal function]: Phalcon\Mvc\Micro\LazyLoader->__call('get', Array)
#19 [internal function]: Phalcon\Mvc\Micro\LazyLoader->callMethod('get', Array, NULL)
#20 /Users/jeffrey.pogoy/Sites/cssapi/public/index.php(55): Phalcon\Mvc\Micro->handle()
#21 {main}

Mon 10 13:51:41 [ERROR] Phalcon\Di\Exception: Service 'db' wasn't found in the dependency injection container
File=/Users/jeffrey.pogoy/Sites/cssapi/app/models/Mov.php
Line=89
#0 [internal function]: Phalcon\Di->get('db', NULL)
#1 [internal function]: Phalcon\Di->getShared('db')
#2 [internal function]: Phalcon\Mvc\Model\Manager->_getConnection(Object(Models\Mov), NULL)
#3 [internal function]: Phalcon\Mvc\Model\Manager->getReadConnection(Object(Models\Mov))
#4 [internal function]: Phalcon\Mvc\Model->getReadConnection()
#5 [internal function]: Phalcon\Mvc\Model\MetaData\Strategy\Introspection->getMetaData(Object(Models\Mov), Object(Phalcon\Di\FactoryDefault))
#6 [internal function]: Phalcon\Mvc\Model\MetaData->_initialize(Object(Models\Mov), 'models\\mov-cssm...', 'mov', 'css')
#7 [internal function]: Phalcon\Mvc\Model\MetaData->readMetaData(Object(Models\Mov))
#8 [internal function]: Phalcon\Mvc\Model\MetaData->hasAttribute(Object(Models\Mov), 'id')
#9 [internal function]: Phalcon\Mvc\Model\Query->_getQualified(Array)
#10 [internal function]: Phalcon\Mvc\Model\Query->_getExpression(Array, true)
#11 [internal function]: Phalcon\Mvc\Model\Query->_getExpression(Array)
#12 [internal function]: Phalcon\Mvc\Model\Query->_prepareSelect()
#13 [internal function]: Phalcon\Mvc\Model\Query->parse()
#14 [internal function]: Phalcon\Mvc\Model\Query->execute()
#15 /Users/jeffrey.pogoy/Sites/cssapi/app/models/Mov.php(89): Phalcon\Mvc\Model::findFirst(Array)
#16 /Users/jeffrey.pogoy/Sites/cssapi/app/controllers/MovController.php(60): Models\Mov::findFirst(Array)
#17 [internal function]: MovController->get('1')
#18 [internal function]: Phalcon\Mvc\Micro\LazyLoader->__call('get', Array)
#19 [internal function]: Phalcon\Mvc\Micro\LazyLoader->callMethod('get', Array, NULL)
#20 /Users/jeffrey.pogoy/Sites/cssapi/public/index.php(55): Phalcon\Mvc\Micro->handle()
#21 {main}

Mon 10 13:51:45 [ERROR] Phalcon\Di\Exception: Service 'db' wasn't found in the dependency injection container
File=/Users/jeffrey.pogoy/Sites/cssapi/app/models/Mov.php
Line=89
#0 [internal function]: Phalcon\Di->get('db', NULL)
#1 [internal function]: Phalcon\Di->getShared('db')
#2 [internal function]: Phalcon\Mvc\Model\Manager->_getConnection(Object(Models\Mov), NULL)
#3 [internal function]: Phalcon\Mvc\Model\Manager->getReadConnection(Object(Models\Mov))
#4 [internal function]: Phalcon\Mvc\Model->getReadConnection()
#5 [internal function]: Phalcon\Mvc\Model\MetaData\Strategy\Introspection->getMetaData(Object(Models\Mov), Object(Phalcon\Di\FactoryDefault))
#6 [internal function]: Phalcon\Mvc\Model\MetaData->_initialize(Object(Models\Mov), 'models\\mov-cssm...', 'mov', 'css')
#7 [internal function]: Phalcon\Mvc\Model\MetaData->readMetaData(Object(Models\Mov))
#8 [internal function]: Phalcon\Mvc\Model\MetaData->hasAttribute(Object(Models\Mov), 'id')
#9 [internal function]: Phalcon\Mvc\Model\Query->_getQualified(Array)
#10 [internal function]: Phalcon\Mvc\Model\Query->_getExpression(Array, true)
#11 [internal function]: Phalcon\Mvc\Model\Query->_getExpression(Array)
#12 [internal function]: Phalcon\Mvc\Model\Query->_prepareSelect()
#13 [internal function]: Phalcon\Mvc\Model\Query->parse()
#14 [internal function]: Phalcon\Mvc\Model\Query->execute()
#15 /Users/jeffrey.pogoy/Sites/cssapi/app/models/Mov.php(89): Phalcon\Mvc\Model::findFirst(Array)
#16 /Users/jeffrey.pogoy/Sites/cssapi/app/controllers/MovController.php(60): Models\Mov::findFirst(Array)
#17 [internal function]: MovController->get('1')
#18 [internal function]: Phalcon\Mvc\Micro\LazyLoader->__call('get', Array)
#19 [internal function]: Phalcon\Mvc\Micro\LazyLoader->callMethod('get', Array, NULL)
#20 /Users/jeffrey.pogoy/Sites/cssapi/public/index.php(55): Phalcon\Mvc\Micro->handle()
#21 {main}

Mon 10 13:53:09 [ERROR] PDOException: SQLSTATE[HY000] [1045] Access denied for user 'root'@'10.120.4.36' (using password: NO)
File=/Users/jeffrey.pogoy/Sites/cssapi/app/config/services.php
Line=82
#0 [internal function]: PDO->__construct('mysql:host=10.0...', 'root', '', Array)
#1 [internal function]: Phalcon\Db\Adapter\Pdo->connect(Array)
#2 /Users/jeffrey.pogoy/Sites/cssapi/app/config/services.php(82): Phalcon\Db\Adapter\Pdo->__construct(Array)
#3 [internal function]: Closure->{closure}()
#4 [internal function]: Phalcon\Di\Service->resolve(NULL, Object(Phalcon\Di\FactoryDefault))
#5 [internal function]: Phalcon\Di->get('db_css', NULL)
#6 [internal function]: Phalcon\Di->getShared('db_css')
#7 [internal function]: Phalcon\Mvc\Model\Manager->_getConnection(Object(Models\Mov), Array)
#8 [internal function]: Phalcon\Mvc\Model\Manager->getReadConnection(Object(Models\Mov))
#9 [internal function]: Phalcon\Mvc\Model->getReadConnection()
#10 [internal function]: Phalcon\Mvc\Model\MetaData\Strategy\Introspection->getMetaData(Object(Models\Mov), Object(Phalcon\Di\FactoryDefault))
#11 [internal function]: Phalcon\Mvc\Model\MetaData->_initialize(Object(Models\Mov), 'models\\mov-cssm...', 'mov', 'css')
#12 [internal function]: Phalcon\Mvc\Model\MetaData->readMetaData(Object(Models\Mov))
#13 [internal function]: Phalcon\Mvc\Model\MetaData->hasAttribute(Object(Models\Mov), 'id')
#14 [internal function]: Phalcon\Mvc\Model\Query->_getQualified(Array)
#15 [internal function]: Phalcon\Mvc\Model\Query->_getExpression(Array, true)
#16 [internal function]: Phalcon\Mvc\Model\Query->_getExpression(Array)
#17 [internal function]: Phalcon\Mvc\Model\Query->_prepareSelect()
#18 [internal function]: Phalcon\Mvc\Model\Query->parse()
#19 [internal function]: Phalcon\Mvc\Model\Query->execute()
#20 /Users/jeffrey.pogoy/Sites/cssapi/app/models/Mov.php(90): Phalcon\Mvc\Model::findFirst(Array)
#21 /Users/jeffrey.pogoy/Sites/cssapi/app/controllers/MovController.php(60): Models\Mov::findFirst(Array)
#22 [internal function]: MovController->get('1')
#23 [internal function]: Phalcon\Mvc\Micro\LazyLoader->__call('get', Array)
#24 [internal function]: Phalcon\Mvc\Micro\LazyLoader->callMethod('get', Array, NULL)
#25 /Users/jeffrey.pogoy/Sites/cssapi/public/index.php(55): Phalcon\Mvc\Micro->handle()
#26 {main}

Mon 10 13:54:27 [ERROR] Phalcon\Di\Exception: Service 'db' wasn't found in the dependency injection container
File=/Users/jeffrey.pogoy/Sites/cssapi/app/models/Area.php
Line=60
#0 [internal function]: Phalcon\Di->get('db', NULL)
#1 [internal function]: Phalcon\Di->getShared('db')
#2 [internal function]: Phalcon\Mvc\Model\Manager->_getConnection(Object(Models\Area), NULL)
#3 [internal function]: Phalcon\Mvc\Model\Manager->getReadConnection(Object(Models\Area))
#4 [internal function]: Phalcon\Mvc\Model->getReadConnection()
#5 [internal function]: Phalcon\Mvc\Model\MetaData\Strategy\Introspection->getMetaData(Object(Models\Area), Object(Phalcon\Di\FactoryDefault))
#6 [internal function]: Phalcon\Mvc\Model\MetaData->_initialize(Object(Models\Area), 'models\\area-css...', 'area', 'css')
#7 [internal function]: Phalcon\Mvc\Model\MetaData->readMetaData(Object(Models\Area))
#8 [internal function]: Phalcon\Mvc\Model\MetaData->hasAttribute(Object(Models\Area), 'name')
#9 [internal function]: Phalcon\Mvc\Model\Query->_getQualified(Array)
#10 [internal function]: Phalcon\Mvc\Model\Query->_getExpression(Array)
#11 [internal function]: Phalcon\Mvc\Model\Query->_getOrderClause(Array)
#12 [internal function]: Phalcon\Mvc\Model\Query->_prepareSelect()
#13 [internal function]: Phalcon\Mvc\Model\Query->parse()
#14 [internal function]: Phalcon\Mvc\Model\Query->execute()
#15 /Users/jeffrey.pogoy/Sites/cssapi/app/models/Area.php(60): Phalcon\Mvc\Model::find(Array)
#16 /Users/jeffrey.pogoy/Sites/cssapi/app/controllers/AreaController.php(15): Models\Area::find(Array)
#17 [internal function]: AreaController->all()
#18 [internal function]: Phalcon\Mvc\Micro\LazyLoader->__call('all', Array)
#19 [internal function]: Phalcon\Mvc\Micro\LazyLoader->callMethod('all', Array, NULL)
#20 /Users/jeffrey.pogoy/Sites/cssapi/public/index.php(55): Phalcon\Mvc\Micro->handle()
#21 {main}

Mon 10 14:01:09 [ERROR] Phalcon\Mvc\Model\Exception: Column 'indicator_ids' doesn't belong to any of the selected models (1), when preparing: SELECT [Models\Mov].* FROM [Models\Mov] ORDER BY indicator_ids
File=/Users/jeffrey.pogoy/Sites/cssapi/app/models/Mov.php
Line=79
#0 [internal function]: Phalcon\Mvc\Model\Query->_getQualified(Array)
#1 [internal function]: Phalcon\Mvc\Model\Query->_getExpression(Array)
#2 [internal function]: Phalcon\Mvc\Model\Query->_getOrderClause(Array)
#3 [internal function]: Phalcon\Mvc\Model\Query->_prepareSelect()
#4 [internal function]: Phalcon\Mvc\Model\Query->parse()
#5 [internal function]: Phalcon\Mvc\Model\Query->execute()
#6 /Users/jeffrey.pogoy/Sites/cssapi/app/models/Mov.php(79): Phalcon\Mvc\Model::find(Array)
#7 /Users/jeffrey.pogoy/Sites/cssapi/app/controllers/MovController.php(15): Models\Mov::find(Array)
#8 [internal function]: MovController->all()
#9 [internal function]: Phalcon\Mvc\Micro\LazyLoader->__call('all', Array)
#10 [internal function]: Phalcon\Mvc\Micro\LazyLoader->callMethod('all', Array, NULL)
#11 /Users/jeffrey.pogoy/Sites/cssapi/public/index.php(55): Phalcon\Mvc\Micro->handle()
#12 {main}

Mon 10 14:26:21 [ERROR] Phalcon\Mvc\Model\Exception: Column 'name' doesn't belong to any of the selected models (1), when preparing: SELECT [Models\Province].* FROM [Models\Province] ORDER BY name
File=/Users/jeffrey.pogoy/Sites/cssapi/app/models/Province.php
Line=86
#0 [internal function]: Phalcon\Mvc\Model\Query->_getQualified(Array)
#1 [internal function]: Phalcon\Mvc\Model\Query->_getExpression(Array)
#2 [internal function]: Phalcon\Mvc\Model\Query->_getOrderClause(Array)
#3 [internal function]: Phalcon\Mvc\Model\Query->_prepareSelect()
#4 [internal function]: Phalcon\Mvc\Model\Query->parse()
#5 [internal function]: Phalcon\Mvc\Model\Query->execute()
#6 /Users/jeffrey.pogoy/Sites/cssapi/app/models/Province.php(86): Phalcon\Mvc\Model::find(Array)
#7 /Users/jeffrey.pogoy/Sites/cssapi/app/controllers/ProvinceController.php(15): Models\Province::find(Array)
#8 [internal function]: ProvinceController->all()
#9 [internal function]: Phalcon\Mvc\Micro\LazyLoader->__call('all', Array)
#10 [internal function]: Phalcon\Mvc\Micro\LazyLoader->callMethod('all', Array, NULL)
#11 /Users/jeffrey.pogoy/Sites/cssapi/public/index.php(55): Phalcon\Mvc\Micro->handle()
#12 {main}

